IDL Version 5.2 (OSF alpha). Research Systems, Inc.
Installation number: 94432-36.
Licensed for use by: Campus License

For basic information, enter "IDLInfo" at the IDL> prompt.

start up ...
% Compiled module: ASTROLIB.
% ASTROLIB: Astronomy Library system variables have been added
% Compiled module: MRDFITS.
% Compiled module: FXPOSIT.
% Compiled module: MRD_HREAD.
% Compiled module: FXPAR.
% Compiled module: GETTOK.
% Compiled module: VALID_NUM.
% Compiled module: MRD_SKIP.
% Compiled module: MRD_STRUCT.
MRDFITS: Binary table.  9 columns by  31189 rows.
% Compiled module: IS_IEEE_BIG.
% Compiled module: IEEE_TO_HOST.
% Compiled module: VORONOI_SHEAR.
Calculating the Voronoi density for each foreground galaxy
% Compiled module: VORONOI_DENSITY.
% Compiled module: VORONOI.
% Compiled module: CIR_3PNT.
% Compiled module: POLY_AREA.
% Compiled module: OBJSHEAR_FIX.
% Compiled module: NTOSTR.

Using 16 bins between 10.0000 and 600.000 arcseconds

Will Do 30000 random points

% Compiled module: EXIST.

PS file: /sdss4/data1/esheldon/GAL_GAL/DENSITY/dense_752_756_g_N1.ps
Dat file: /sdss4/data1/esheldon/GAL_GAL/DENSITY/dense_752_756_g_N1.dat
Sum file: /sdss4/data1/esheldon/GAL_GAL/DENSITY/dense_752_756_g_sum_N1.dat

MRDFITS: Binary table.  6 columns by  1027121 rows.
% Compiled module: SXPAR.

LASTRA =        236.42319
FIRSTRA =        145.14295
Finally FLAG =        0
Using 15594/15594 lenses

% Compiled module: BINARY_SEARCH.
       18937
Lens Group = 1/52
.||.|..........................|..|
       21691
Lens Group = 2/52
.|.....||.||.....|......||........|....|
       13635
Lens Group = 3/52
............||................||..||
       13867
Lens Group = 4/52
...|....|...|.......|.............|
       14179
Lens Group = 5/52
........|.|.|.|.......|.||.|..........|
       17547
Lens Group = 6/52
...|.|.|.||.||..|.|.|||.||.|.|........|......|..|
       12517
Lens Group = 7/52
......................|........|
       19501
Lens Group = 8/52
.............................|.|
       23660
Lens Group = 9/52
.|..........||......|.|......|.....|.|
       24024
Lens Group = 10/52
..........|........|..|........||||.||.|
       15819
Lens Group = 11/52
......|.||||.|.|.|..|...|.....||..|....|....|
       20772
Lens Group = 12/52
.....................||.|........|
       34331
Lens Group = 13/52
..........|......|..|.||.|..........|
       29948
Lens Group = 14/52
.......|..........||........|...||..|
       19836
Lens Group = 15/52
...|..|....||.|||.|.|.|...||.|||.|...|......|||...|
       20299
Lens Group = 16/52
.|.............|...||..........||..|.|
       12839
Lens Group = 17/52
.|...........|.|.....||...|..|.||.|.|..|.|.||
       23782
Lens Group = 18/52
...||..|.....|.....|.|..............|
       34925
Lens Group = 19/52
..||....||.|||..|.|...|...|.....|...|..|....|
       28950
Lens Group = 20/52
....|...|||..............||....|.....|
       19054
Lens Group = 21/52
......||..|..............||.|..|.....|
       12481
Lens Group = 22/52
..|....|.||.||......||.....|...........||
       20687
Lens Group = 23/52
.|.|...|.||..|.|.|............|....|...|.||
       32127
Lens Group = 24/52
.|.|.||...|...........||...|.|..||||.....|..|
       26073
Lens Group = 25/52
...|...|.|||....|....|....|.......|.|.|..||
       40149
Lens Group = 26/52
.||...|.........|.||.|...........|....|
       23104
Lens Group = 27/52
...|..|..|.||.|......|.|.||||.|.|...|.||.|......|
       13492
Lens Group = 28/52
.|........|..|...|..|..|............|
       41323
Lens Group = 29/52
........|.........||.|...|.......|..|
       28941
Lens Group = 30/52
.|..|........|...|.............||.||..|
       19801
Lens Group = 31/52
.|.|.||...........|.|.|||.||.............|
       16331
Lens Group = 32/52
.|||.||||.||.|...|.......|||..........|.||..||..||||.||
       17018
Lens Group = 33/52
.||..|..|.||.|.....|..................||
       22063
Lens Group = 34/52
......||.||.|.||.|||.|.....|.........|.|.|...|
       38538
Lens Group = 35/52
.|.|||||.||.........||.||.......||...||.......|
       40816
Lens Group = 36/52
..|.......|.............|..|.|||....|.||
       44855
Lens Group = 37/52
.|...|....|...|..|...|.|||.||.|...........|
       18061
Lens Group = 38/52
.|.||.||.|..|.................|...||.|...|
       11920
Lens Group = 39/52
.....................||.........|
       20682
Lens Group = 40/52
.....|.|.........||||.|.............|.|
       22928
Lens Group = 41/52
.....|......|...................|
       20793
Lens Group = 42/52
...................|...........|
       23525
Lens Group = 43/52
..............................|
       48893
Lens Group = 44/52
.|.................||.|||..|.|||.|.......|
       48313
Lens Group = 45/52
........|..............||....|....|
       17256
Lens Group = 46/52
.....|.|..|......................|
       17763
Lens Group = 47/52
.||.............|.|.||.|...........|||.||.|
       11988
Lens Group = 48/52
.....|.|.|.|..........|.|........||...|
       25097
Lens Group = 49/52
.||....||.|.||......|..||.......|..|.||.....|
       14899
Lens Group = 50/52
........|.|.|...|.................|||
       13181
Lens Group = 51/52
...|...||.|.||.||.|.||.|.........|....||.....|
       0
Two-
% Compiled module: REMOVE.

Finally used 14792/15594 Lenses
% Compiled module: MAKEPS.
% Compiled module: BEGPLOT.
% Compiled module: LOADCT.
% LOADCT: Loading table inv_bw
% BEGPLOT: Plotting directed to file /sdss4/data1/esheldon/GAL_GAL/DENSITY/dens
  e_752_756_g_N1.ps
% Compiled module: COLPRINT.
% Compiled module: PRANGE.
% Compiled module: PLOTERR.
Using random RA and DEC points
% Compiled module: ARRSCL.
       10211
Lens Group = 1/100
.||||.|||||.||||........|...|..|..|..........|..|
       10727
Lens Group = 2/100
.|..||.||........|.|||....||.|...||.|.|.||.|.|.|..||.|
       11617
Lens Group = 3/100
..|.....|.|..||...|........||.....||.||.||..|
       13836
Lens Group = 4/100
...|.|..|.........|....||.|..........|
       13044
Lens Group = 5/100
......|....|.|...|....|.......||..||...|
       13395
Lens Group = 6/100
.|||.|..|.|||.||.||..............|....|..|.||.|.|
       11637
Lens Group = 7/100
..|.|......||.||.|....|.|..............|
       13726
Lens Group = 8/100
.|.||.|||.||.|..||.|...||..|..|....|..|..||..||.|.|..|.|
       14335
Lens Group = 9/100
.|..|.|..|.......|...........|...||...||
       14397
Lens Group = 10/100
.....|.|.|....|..|...|.|.||............|
       12895
Lens Group = 11/100
.|.............................|
       13861
Lens Group = 12/100
.|..|.|....|.|........||..|...|........||
       12564
Lens Group = 13/100
.....|...|...|.....||..|.|.|.......|.||..|
       11720
Lens Group = 14/100
.||....|.|.||..|....|.|.....|....|.|.|||.....|
       10989
Lens Group = 15/100
.|.|........||...|.|..||..|..|.|.|..|..|....|
       11276
Lens Group = 16/100
.....||.|.....|....||.....|..|........|
       13453
Lens Group = 17/100
..|.....|.|..|.........|...........|
       15533
Lens Group = 18/100
..|........|.|...........|....|....||
       14058
Lens Group = 19/100
..|.......|....|.|..|.|...........|..|
       12366
Lens Group = 20/100
....|......|.||.|.|.|.|...|||..|.||........||.|
       11826
Lens Group = 21/100
.|.|..|.|.|.|...|.......|.|.....|.|.||..|.|..|
       13519
Lens Group = 22/100
.|.......|.|.||....|..|.|.|.|...|..|.|.|....|
       14291
Lens Group = 23/100
....|..|||.....|.||......|....||.||||..||...|..|
       16388
Lens Group = 24/100
.....|........|...|....||.|.....|....|||
       16407
Lens Group = 25/100
.||..|.....|....|.||.|.|||.||..||.|.||.|...|..|.||..||.|
       14786
Lens Group = 26/100
....|.....|.......||....|...|.....|..|
       13608
Lens Group = 27/100
..|..|..|.|..|...|.....|..|.....|......|
       14632
Lens Group = 28/100
.|........|....|..|...|.|.||...|...|..||.|.|
       15163
Lens Group = 29/100
.......|.||.|.||.|.||...|.|..|.|||..||....|.|..|..|
       14354
Lens Group = 30/100
.......|||........|..|..|...|...|..|.|.|.|
       12985
Lens Group = 31/100
..|.|..|.|.....||.....|.|..||.|..|.....|...||
       10866
Lens Group = 32/100
.|.|.|....||...|..|.||.||.|.||.|.|....|.|.|||.||.....||
       11903
Lens Group = 33/100
.|.|.|........|...||.........||..|.|.|..|.|
       13912
Lens Group = 34/100
...........|.....|.||......|.|.|.|...|.|
       13883
Lens Group = 35/100
..||.|.|.|.|.|.|...|.||..||...|....|||...|..||.|..|.||
       14660
Lens Group = 36/100
..|.|.|.||||..|....|.....||.........|.|....|
       11205
Lens Group = 37/100
....|.|.....|.|.||.|.|||.||....|..|..|..|.....|
       12949
Lens Group = 38/100
.||..||..||.|.||||.|.||.|.|..|...|....|||..|||..|..||....|
       12462
Lens Group = 39/100
.....||.|..||..|..|..|.|.||.|..|.||.||.....|..|..|||
       13234
Lens Group = 40/100
..||..|........||.....|.|.|..||.||.|...|.|||..|.||
       14700
Lens Group = 41/100
.|.||.|........|...|...|.|......|.||.|..|.|.|
       13963
Lens Group = 42/100
..|.|.||......|.|..|||.....|..........|||.|.||
       15380
Lens Group = 43/100
.|...|.|.....|.||.|.|..|.......|.||.|......||
       15639
Lens Group = 44/100
....|..........|||....|.|.|.|...|||.||||...|.|.||
       15336
Lens Group = 45/100
.|.||.|.|...|.|.||.|..|..|.|.||.|.|..|...|..|..|..|.|
       14544
Lens Group = 46/100
.|.|...|.|.||..||.||.||.....|.|.|.|........|...||
       13303
Lens Group = 47/100
...|............|.......|.|..|....|.|
       13539
Lens Group = 48/100
.|..|....||..............|...||......|
       13472
Lens Group = 49/100
.....................||....||..|...|
       13591
Lens Group = 50/100
...|..........|.|....|.||....|...|..|..|
       13814
Lens Group = 51/100
.||.|......||.|.|......||.|.|.||..|.|...|...|..|||
       12370
Lens Group = 52/100
.|..|.|.|.|.|........|.|.||..||.......|....||
       12608
Lens Group = 53/100
.||....||..|....|........|.|.|........|.|
       13180
Lens Group = 54/100
.|....|..|........||.|.|.|..|||..||.|.|.|.....|||
       12694
Lens Group = 55/100
.|....|.....|....|.............|...|
       13889
Lens Group = 56/100
..........|.|......|..||.....|.|.|.|...|
       15381
Lens Group = 57/100
...|.........|........|........||.||.|
       13747
Lens Group = 58/100
.|.|..................|..|.....|...|
       14039
Lens Group = 59/100
.||.||.|.|.......|.|.|...|....||.|.||........|
       14850
Lens Group = 60/100
.|........|...|..||.|.|.|.||......|.|..|..|.|
       14369
Lens Group = 61/100
..|..|........|....|.|.|..|.|.|.....|.|..|
       14515
Lens Group = 62/100
.....|...|.||..|...|..|....|.|.||........|
       13715
Lens Group = 63/100
.......|.|...|..|...|.|..|.......|....|
       15570
Lens Group = 64/100
.|..|.||...|.|.....|..|....|...|....||....||
       14884
Lens Group = 65/100
.....||.||.||..|...|....|.||..|...|..||....|..|
       15808
Lens Group = 66/100
...||..||.............|....|...|..||.|.||.||
       17165
Lens Group = 67/100
..|..||.||..|.|.|...|..||.......||.....|.|..||.|
       18446
Lens Group = 68/100
...||.....||..|..||.|..|.....|.|.......|..||
       16249
Lens Group = 69/100
.|.............|.....|..|.|...|..||..|.||
       14263
Lens Group = 70/100
.|............................|.|
       11138
Lens Group = 71/100
...|.|...|.|..|....|.|.||...|.|..|...||.....|||
       13356
Lens Group = 72/100
..|..|.|....|..|..|.|....|....|.|..|.|.||.|.|.||
       15009
Lens Group = 73/100
..|...|.|.|.|||..|.....|.|.|.....|..|.|...|..||
       13900
Lens Group = 74/100
...|.|.|....|.|..||.|.|.....|.|..|...|.....|
       15389
Lens Group = 75/100
.|...|...|............|...||..|.|...|..|
       15807
Lens Group = 76/100
...|...............||............|
       13453
Lens Group = 77/100
.|.|.|......|...|..|.....|.|....|......|
       14422
Lens Group = 78/100
...|......|..|.|...||.||..|||.||..|.........||
       16701
Lens Group = 79/100
........|.|.||........|.|.|.......||.|.|.|
       17042
Lens Group = 80/100
.|.|..||.....|.|.|.......||.|..|...|..||...|.||
       16003
Lens Group = 81/100
......||...............|.....|.|...||
       16581
Lens Group = 82/100
.|..||....||.|..|...||...|.....|........|.|
       16301
Lens Group = 83/100
...........|.|...............|...|
       15937
Lens Group = 84/100
.|...|...........|.||.....|..||...|..|..|
       15113
Lens Group = 85/100
.||.|.||...|..|...|...|||..|...|..|.||.|.||||.|...||..||
       15268
Lens Group = 86/100
.||.||..|.||............|..||.|..||........|
       15062
Lens Group = 87/100
.......|.|.|..||.....|........|.|.....|
       13741
Lens Group = 88/100
..........|.|..||.......|...||..|.||.||..||.||||
       13904
Lens Group = 89/100
.|.|.|..|...|..|.|.||..||.||.|||..|..||..|....|.|.|..|
       15780
Lens Group = 90/100
............|.|.||......|.....|.|||....||
       17150
Lens Group = 91/100
........|......|.|..|..|...||.|.......||
       17127
Lens Group = 92/100
....|..|.||.|||.|.|........|..........|..|
       15160
Lens Group = 93/100
.......|....||...........|.....|.|..|
       11149
Lens Group = 94/100
.|..........|.|..|..|.||.........|..||..|||
       12550
Lens Group = 95/100
.||..|..|...|.|.|||...|..||....|..|..||.|.|..|.||.|.|||
       13331
Lens Group = 96/100
..|....|.|.|..|...|...|...||.|..|.|||..||....|.|
       13884
Lens Group = 97/100
...|..|..|.|....||.|.|..|..|..|..|..|......||
       12748
Lens Group = 98/100
....|.||...|.||.|.......|.|...|.|........|
        9851
Lens Group = 99/100
......|......|..|......|..|....|.|...||
       0
Two-

Finally used 28327/30000 Lenses
% Compiled module: STR_SEP.
% Compiled module: EP.
% Compiled module: ENDPLOT.
% ENDPLOT: Closing current plot file /sdss4/data1/esheldon/GAL_GAL/DENSITY/dens
  e_752_756_g_N1.ps
% Compiled module: PTIME.
Time: 21 min 32.6 sec

Using 16 bins between 10.0000 and 600.000 arcseconds

Will Do 30000 random points


PS file: /sdss4/data1/esheldon/GAL_GAL/DENSITY/low_752_756_g_N1.ps
Dat file: /sdss4/data1/esheldon/GAL_GAL/DENSITY/low_752_756_g_N1.dat
Sum file: /sdss4/data1/esheldon/GAL_GAL/DENSITY/low_752_756_g_sum_N1.dat

MRDFITS: Binary table.  6 columns by  1027121 rows.

LASTRA =        236.42319
FIRSTRA =        145.14295
Finally FLAG =        0
Using 15595/15595 lenses

       15696
Lens Group = 1/52
.|||||.||||.|.|.......||..|...|.||..|...|....||.|.|.|.|||
       20287
Lens Group = 2/52
...|.|.....|.|.||.||...||.||.|.....|..|..|..|.|.|
       22009
Lens Group = 3/52
....|.........||.|..|..|.|.|...||..||..||...|
       22836
Lens Group = 4/52
....|.|..|.|....|..|..|.|.....|...||..|||.|.|.|
       24685
Lens Group = 5/52
....|.|.|..|..|..|..|..|...||..|.....|....|
       23291
Lens Group = 6/52
.|.......|....|...|....|.......|...|.|
       21333
Lens Group = 7/52
.|..........|.........|.|.|.|....|..|.||
       18411
Lens Group = 8/52
.|.|....|..|...||....|..|...|...|.......||
       24252
Lens Group = 9/52
..|........|...|..|..|....||.........||
       22907
Lens Group = 10/52
..||.|.|.||.....|...|..........|.|.|..|..||.||
       20327
Lens Group = 11/52
.|.||......|.||...|..||.||...|........|...|.|
       24295
Lens Group = 12/52
.|..|.|................|.|.|..|..|....|
       26136
Lens Group = 13/52
...|....|.......|..|.|.||..|.||...|.|.|.|...||
       23234
Lens Group = 14/52
...|....||..||.|..|.|.|..|.||...|..|.......|.|
       25118
Lens Group = 15/52
.|.|....|.||..|..|..|...|.|..|.|...|.|.||..|...|
       22730
Lens Group = 16/52
.....|......||.|...|.|.|.|.|.|.||.|.||..|||.....|
       19159
Lens Group = 17/52
..|.|...|..|...|.||.|.|...||.|.....|..|...|..|
       22297
Lens Group = 18/52
...|..||.|..|..|..|..||...|.|.|.||..|.......|.|
       22411
Lens Group = 19/52
.|.|.|.....||.|..|.|............|...|.||.||.|
       23135
Lens Group = 20/52
......||.|.|.|||....|..||.|..|...|.|.|.....||.||.||
       19958
Lens Group = 21/52
.|..|..|...|.|....|||.|||.|||....|.|.|.||.|.|...|..|.|
       22596
Lens Group = 22/52
...|....|.|.....|..|.||.|......|......|.|
       25021
Lens Group = 23/52
...||.....||.|...|...|.......|.||.|.||....||.||
       25083
Lens Group = 24/52
..|..|..|.|.|..|.|.||..||.|...|.|..|..||.|.....|.||
       20297
Lens Group = 25/52
........||.....|.|......||..|......|..|
       22094
Lens Group = 26/52
.........|.|.|...|.||....|.|..........|
       23381
Lens Group = 27/52
..|..|.|.|.|.|.|.||......|.||.||.|...||..|......||
       21327
Lens Group = 28/52
......|...||.|.......||....|....|.....|
       23294
Lens Group = 29/52
.|.||.|..|.|....|.|.........|........|.|.|
       22164
Lens Group = 30/52
.|..|......|.|..........|.|..|.......|||
       24315
Lens Group = 31/52
.|......|.||..|....|..|...|.|..........||
       25775
Lens Group = 32/52
.|.......||....|.|..||.|.....|..||...|||....|
       22952
Lens Group = 33/52
.........||...|.||..|.|..||.|.....|.|...|..|
       25538
Lens Group = 34/52
....|.....|.||....||.|...|.....|..|.|||.|..|||.||
       27553
Lens Group = 35/52
.....|.|......||.||....||......|.|.|....||.||
       28814
Lens Group = 36/52
.||.|.|.|...|.|......|.....||.||.........||.|
       21787
Lens Group = 37/52
...|.|...||.........|.|..|...|..|...|.|.|.|
       23508
Lens Group = 38/52
.|..|..|......||.|.|.||.|..|.|.|.|.....|...|..|
       22729
Lens Group = 39/52
.......||.|....|....|.|.|....|.|.......|
       26434
Lens Group = 40/52
.|..|.||....|...|.||.|...|.|....||....|....|.|
       26964
Lens Group = 41/52
....|...|.....|||.|.....|.|.....||.|.|...|.|
       27030
Lens Group = 42/52
.||....|.....|..|....|.|.|.|...........|
       27141
Lens Group = 43/52
...|...|.......||..||....|.|..|..|..|....||
       26956
Lens Group = 44/52
..|.|..||.....|.....|.|.....||.|...|.|.|...||||
       24128
Lens Group = 45/52
...|...|..|..|..|.|....|.|.|...........||
       24147
Lens Group = 46/52
.|..|.|...|..|..|.....|.|.||.....||.|.|.|....||
       26611
Lens Group = 47/52
..|.||.||.||.||.|..|..........|..||..|..||.||..|.|.|
       29019
Lens Group = 48/52
..|.|....|...||.......|.|..........|.||.|
       20948
Lens Group = 49/52
.........|..|...||.....|.|....|...||..|.|
       21421
Lens Group = 50/52
.|.||...|.|....||.|.||.|.|....|...||.||.|||....|...|
       21809
Lens Group = 51/52
.....|....|.|.|...|..|.|...||...|.|.....|.|
       0
Two-

Finally used 14544/15595 Lenses
% LOADCT: Loading table inv_bw
% BEGPLOT: Plotting directed to file /sdss4/data1/esheldon/GAL_GAL/DENSITY/low_
  752_756_g_N1.ps
Using random RA and DEC points
       10254
Lens Group = 1/100
.|.||||.|||.|||..|..|....||......|.......|.||..|.|.|
       10275
Lens Group = 2/100
..||.|...|..|...|.||.|..|...|..|..|..||.|.||.|...||
       11170
Lens Group = 3/100
...|...||...........|.|...||..|...|.|.|..|||
       13079
Lens Group = 4/100
.|....||...|||...|.|....|..|..|..|.|.|.|..|||.|..||
       11240
Lens Group = 5/100
.|..............|...|..||.......|...|
       12761
Lens Group = 6/100
..|..|.|..|...|.|.|...||.|.||.|..|..|.....|...||
       12300
Lens Group = 7/100
...|........|..|..|......|.|.|.......|
       11495
Lens Group = 8/100
.|....|..|.....|..|.||.||..||....|....|...|.|
       15818
Lens Group = 9/100
.|.||.|......|.|......|..|.......||...|..|
       14034
Lens Group = 10/100
.|.........|.|.................|.|.|||
       13688
Lens Group = 11/100
.|.........|.......|.........|.|...|
       13309
Lens Group = 12/100
.|........|.....|..|.|.|.|..|.||.|.|.|||.....|
       12753
Lens Group = 13/100
.|.|...||..|.|.|..||..........|...|...|...|||
       12355
Lens Group = 14/100
.|...|...........|....|...|.|......|.||
        9701
Lens Group = 15/100
.|..........|......|.....|.|.......|
       11431
Lens Group = 16/100
..||...........|..|...........|.|...|
       13853
Lens Group = 17/100
.|.||...|.|........||......|...|......|.|
       16041
Lens Group = 18/100
.|.................|....|......|..||
       15483
Lens Group = 19/100
..|.|.||...||..|...|...|.|....||....|......|
       12330
Lens Group = 20/100
..|..|...........|..|.|..|....|.|.....||
       13167
Lens Group = 21/100
...||...|.|.|...|.||.|||..|..|.|.|.......|..|..|
       13750
Lens Group = 22/100
..|........||......|..|.......|.....|
       15472
Lens Group = 23/100
.|...........|.....|..|||.|||...|.......|
       15771
Lens Group = 24/100
.|.......|..|.....|..|......|.|.||.|..|.|.||
       16327
Lens Group = 25/100
...|.|...|...|.||...|||...|||.||.|.||....|..||...|.|
       14166
Lens Group = 26/100
.........|....|..|.|.||.|........|..|..|
       13402
Lens Group = 27/100
..||||...|.|.|..|.....|..|.|.............||
       15946
Lens Group = 28/100
.|...|.|.............|.........|...|
       14245
Lens Group = 29/100
.|..|.||...|.|...|.|.|.|....|.|...||..|..||||.|...|
       14201
Lens Group = 30/100
.....|...........|...||.|||.||....|..||..|.||
       13287
Lens Group = 31/100
.|.|||.|.|...|.|.||.||.|.|.|....|.|.|.|....|..|.||.||.|.|
       11029
Lens Group = 32/100
...||.|.|...|...|.|..|..|.|.|..|.|.||...|.|.|..||.|
       11430
Lens Group = 33/100
.|......||...||.||......|......|.|...|..|.|
       14194
Lens Group = 34/100
...||....|.......|..|....|....|......|
       13765
Lens Group = 35/100
...|.|.........||...||..|..||.|..|.|..|.|..|.|
       13779
Lens Group = 36/100
..|||..|..||....|..|.|......||.|.......|.||.||.|||
       12592
Lens Group = 37/100
..|.|........|.||..||.....|.......|.||..|.||
       13575
Lens Group = 38/100
.|...||.||..|....|...|...|.|......|.|.....|
       13429
Lens Group = 39/100
...|.|....|.|....|.|.|.|.|.|.|.|.|.........|
       13038
Lens Group = 40/100
..|.|..||......|..|||..|......|.|||..|..|..|..|
       14729
Lens Group = 41/100
....|....||...........|.|.|..|..|.....|
       16581
Lens Group = 42/100
..||.....|....|.|.........|.|..|.....|.||
       15832
Lens Group = 43/100
.|..|....|..|.........|..|..........||
       15243
Lens Group = 44/100
..|....|.||.|.|.|||......|.|||.||.|.|.|...||.....|.|
       14534
Lens Group = 45/100
.|.|.||.|.....|..|.|.|......|.|.||.|...|.|.|...|
       13627
Lens Group = 46/100
...||.|.|...||............|..........||
       12707
Lens Group = 47/100
.|..||.....||...||..|.|...|.|..|...||......|.|
       14433
Lens Group = 48/100
......|.....||........|....||...|..||..||
       13514
Lens Group = 49/100
.......|.....||.|..|||.|...|.....|.|..|...|
       13530
Lens Group = 50/100
...|..|.|.||..|.|....||.|.|..||...|..|.|.|.||..|..|
       13321
Lens Group = 51/100
.|..|.|.|...||.......|..|.|.||...|........|
       12439
Lens Group = 52/100
.|..|....||.........|....|.|.|....|....|
       12406
Lens Group = 53/100
...........|....|.|..|.||.||.|.|.|||.|......|
       12325
Lens Group = 54/100
....|.||..||.|..|...|.|..|...........||..|.|
       12646
Lens Group = 55/100
..|.|..|..|..........|.............|
       13577
Lens Group = 56/100
..|.....|.|.....|.....||.|.|.|.........|
       14504
Lens Group = 57/100
.|.|.|....|..|..|.|...|...|............|
       14132
Lens Group = 58/100
.|.....|.|........||.||.....|.|.|..||.....|
       15446
Lens Group = 59/100
.......|.......|.|.|............|..|
       15969
Lens Group = 60/100
..|.|.|.|...|..|....||.|..||....||..|...|.||..|.|
       13823
Lens Group = 61/100
..|...........||.........||.|.||.|..|...||
       14106
Lens Group = 62/100
.........||............|..|.|......|
       14000
Lens Group = 63/100
.....|.....|........|.|.||.|..|.......||
       14791
Lens Group = 64/100
....|....|....|....||..|.|..||...|...|.||.|.|
       15274
Lens Group = 65/100
..|...|..|.|...||..|.|.|.|..|.|...|..|.|...|..|||
       17886
Lens Group = 66/100
..|..|...||....||...||.|.|..|.|..||...||...|.|..||
       17624
Lens Group = 67/100
.....|.|.|.......|......||..|.||...|.|...|
       18492
Lens Group = 68/100
.|...|.|.|.......|..|.|.|..|...........|
       15495
Lens Group = 69/100
..........|.||.|.|.||.|..|......|.......|
       12249
Lens Group = 70/100
...............||.....|.|..|.|.|....||.|||
       12672
Lens Group = 71/100
..|.......|..||.|.||...|..||....|...|||...|..||||
       14460
Lens Group = 72/100
.....|..|.|..|.|..|..|.|..|....|.|.||.|..|...|
       13526
Lens Group = 73/100
.|.|..|......|...||...|.......|.|..|.|...|
       13547
Lens Group = 74/100
.|.||...|....|...|.....|.......|.||..|.|..|
       15503
Lens Group = 75/100
.|.....|.|.....|.....||....||.|...|.|....||
       16416
Lens Group = 76/100
.........|.||......|....|........|.|.||
       14297
Lens Group = 77/100
.....|..|..||......|.|...........|...|
       15174
Lens Group = 78/100
..||..||..|.|.........||...........|.|..|
       16841
Lens Group = 79/100
.||.............|....||.|.||..||..|.....|.|
       14610
Lens Group = 80/100
.....|.||.||.||.....|....|....|.....|..|||..|
       16380
Lens Group = 81/100
...|.............|.....|.....|....||
       15290
Lens Group = 82/100
..|...|..|..|.........|....|.......|.|
       15161
Lens Group = 83/100
...|................|.|..|.....||...|
       15254
Lens Group = 84/100
....|...|.|.......|..|.||....|......|.|.|
       14018
Lens Group = 85/100
.||..|.|...|.|.|||.|...|.|.|.||..|...|....|.|.|...|
       15147
Lens Group = 86/100
.|...||.||..|....|.|........|.||.|...||..|...|
       16939
Lens Group = 87/100
...|..|......|..|......|.....|..|....|
       13926
Lens Group = 88/100
..|.|.|..||....|..|.|.||.|.|.......|.||.||...|..|||
       13537
Lens Group = 89/100
..||.|......|...........|.||..|.|.|..|...|
       15313
Lens Group = 90/100
...|......||....|.||..........||.|.....|
       17083
Lens Group = 91/100
..||..|.|..||..||.........|...||.|.|...|..|||.|.|
       17243
Lens Group = 92/100
.|.|..||..|.......|................|.|
       14467
Lens Group = 93/100
.|.............|.....|..........|.|
       11276
Lens Group = 94/100
....|........|......|.......|||.||...|.|
       11792
Lens Group = 95/100
.|..||......|.|...|....|...|...|......|.|
       12454
Lens Group = 96/100
.|.|.|.|.|..|........||.|...||..|.||.|..|||.|.|.|..|
       13837
Lens Group = 97/100
...|....|.|...|..|.|..|.|..|.||.|.||...|..|.|..|
       13148
Lens Group = 98/100
....|......||.|..|....|....|........|.|
       11818
Lens Group = 99/100
....|....|..||.|.|..|......|......|.|..|.||
       0
Two-

Finally used 28409/30000 Lenses
% ENDPLOT: Closing current plot file /sdss4/data1/esheldon/GAL_GAL/DENSITY/low_
  752_756_g_N1.ps
Time: 20 min 40.3 sec
IDL Version 5.2 (OSF alpha). Research Systems, Inc.
Installation number: 94432-36.
Licensed for use by: Campus License

For basic information, enter "IDLInfo" at the IDL> prompt.

start up ...
% Compiled module: ASTROLIB.
% ASTROLIB: Astronomy Library system variables have been added
% Compiled module: MRDFITS.
% Compiled module: FXPOSIT.
% Compiled module: MRD_HREAD.
% Compiled module: FXPAR.
% Compiled module: GETTOK.
% Compiled module: VALID_NUM.
% Compiled module: MRD_SKIP.
% Compiled module: MRD_STRUCT.
MRDFITS: Binary table.  9 columns by  32280 rows.
% Compiled module: IS_IEEE_BIG.
% Compiled module: IEEE_TO_HOST.
% Compiled module: VORONOI_SHEAR.
Calculating the Voronoi density for each foreground galaxy
% Compiled module: VORONOI_DENSITY.
% Compiled module: VORONOI.
% Compiled module: CIR_3PNT.
% Compiled module: POLY_AREA.
% Compiled module: OBJSHEAR_FIX.
% Compiled module: NTOSTR.

Using 16 bins between 10.0000 and 600.000 arcseconds

Will Do 30000 random points

% Compiled module: EXIST.

PS file: /sdss4/data1/esheldon/GAL_GAL/DENSITY/dense_752_756_r_N1.ps
Dat file: /sdss4/data1/esheldon/GAL_GAL/DENSITY/dense_752_756_r_N1.dat
Sum file: /sdss4/data1/esheldon/GAL_GAL/DENSITY/dense_752_756_r_sum_N1.dat

MRDFITS: Binary table.  6 columns by  1475064 rows.
% Compiled module: SXPAR.

LASTRA =        236.42319
FIRSTRA =        145.14295
Finally FLAG =        0
Using 16139/16139 lenses

% Compiled module: BINARY_SEARCH.
       31287
Lens Group = 1/54
.|||..........................|.|..||
       30166
Lens Group = 2/54
.....|.|...................|.....|
       18754
Lens Group = 3/54
..............................|
       19925
Lens Group = 4/54
...|....|.......|..|.............|.|
       19841
Lens Group = 5/54
..........|.|...................|
       23993
Lens Group = 6/54
.........|.||.|.|||.|........|....|.|....|
       17846
Lens Group = 7/54
..............................|
       26797
Lens Group = 8/54
..............................|||
       34912
Lens Group = 9/54
........|.||.|||.................|...|
       33096
Lens Group = 10/54
..|........|.........|.|.......||||...|
       21476
Lens Group = 11/54
.....||.||..|.....|..|..........|...|..|
       30669
Lens Group = 12/54
.|..||................|.||....||......|
       51407
Lens Group = 13/54
..........|....|...||.............|
       40117
Lens Group = 14/54
.........|.......|..............|
       26204
Lens Group = 15/54
........||.||.|.....|.||..............||
       30073
Lens Group = 16/54
...............|.|............|..|
       17140
Lens Group = 17/54
................|......|..||..||.|.||.|.||
       33752
Lens Group = 18/54
.|........|............|.........|
       56901
Lens Group = 19/54
.....|.||..||...||....|......|.||...|.....|
       36478
Lens Group = 20/54
.|....||...||......................|
       29958
Lens Group = 21/54
...............|.......|........|
       18500
Lens Group = 22/54
.|.....|.................|...|.|..|.|
       33325
Lens Group = 23/54
.|...|....|.|||...........|.||.|.......|.|
       43960
Lens Group = 24/54
.|.|...|..........|....||..||.||....|....|
       39297
Lens Group = 25/54
.|...|.|.|....|.||......|.......|..||....|
       57466
Lens Group = 26/54
...|....|.|....|||..................|
       33399
Lens Group = 27/54
......|.|.|.|.....|||.|||||.|..|.....|.......||
       19655
Lens Group = 28/54
..........|....|...|.............|
       59631
Lens Group = 29/54
.......|...||........|.|...........|
       43751
Lens Group = 30/54
......|..........|.|............|.|||
       27762
Lens Group = 31/54
...|.|.||.....|..|....||.||.|||.||...........|
       24148
Lens Group = 32/54
.....|.....|..............|...|.||..|||
       21487
Lens Group = 33/54
..|||.|.||.|.|...||.....|..||.|.............|
       24703
Lens Group = 34/54
.....|......|.|.||.|.||.|||.|.............|
       54899
Lens Group = 35/54
...|.|......|||.|.....|.|...|...|.|.....||.|
       37438
Lens Group = 36/54
............|||.....|..|...........|
       57021
Lens Group = 37/54
.....|..|.|.|||....|............||...|..||
       50605
Lens Group = 38/54
...|.|||.|..|.|...............|.|.|..|...|
       19955
Lens Group = 39/54
......................||......|..|
       17461
Lens Group = 40/54
........................|..|....|
       30081
Lens Group = 41/54
..|..........|||..................|
       30684
Lens Group = 42/54
..............................|
       25663
Lens Group = 43/54
..............................|
       25670
Lens Group = 44/54
.........|.........|.|...|........|
       47425
Lens Group = 45/54
.|....|.....................||||.||...|
       65790
Lens Group = 46/54
..|||.|.|........|.....|...|..........|
       37746
Lens Group = 47/54
...........|||.|....|.......|..|..||.||..|
       23052
Lens Group = 48/54
..............................|
       23015
Lens Group = 49/54
.......|.|....................||..|||
       20798
Lens Group = 50/54
....................|........|..|
       34776
Lens Group = 51/54
.......|.|..|....|....|............|
       20176
Lens Group = 52/54
.......................||.|...|..|.|
       21660
Lens Group = 53/54
...||............|............||..|.|
       0
Two-
% Compiled module: REMOVE.

Finally used 15507/16139 Lenses
% Compiled module: MAKEPS.
% Compiled module: BEGPLOT.
% Compiled module: LOADCT.
% LOADCT: Loading table inv_bw
% BEGPLOT: Plotting directed to file /sdss4/data1/esheldon/GAL_GAL/DENSITY/dens
  e_752_756_r_N1.ps
% Compiled module: COLPRINT.
% Compiled module: PRANGE.
% Compiled module: PLOTERR.
Using random RA and DEC points
% Compiled module: ARRSCL.
       15541
Lens Group = 1/100
.|||.|||||.||||.............|..|............|
       17079
Lens Group = 2/100
.|......................|.|.|.|...|.|
       17389
Lens Group = 3/100
.......|.|..||...|..||......||.......|..||
       19943
Lens Group = 4/100
....|.|.|........................|
       18016
Lens Group = 5/100
......|........|....|.......||..||...|
       19093
Lens Group = 6/100
.|.||...|.||...................|..|..|.|
       16651
Lens Group = 7/100
...|......|.||......|.........|....|.|
       19218
Lens Group = 8/100
..|........|.|.|.|.|.....|..|..||..|.|.|..|.|
       19549
Lens Group = 9/100
.|...||.|.|.......|...|..........|....||
       19576
Lens Group = 10/100
..|...|...|......|..|.||.............|
       18228
Lens Group = 11/100
.|.............................|
       19765
Lens Group = 12/100
....||....|....|.....|||..|...|.....|..|.||
       18165
Lens Group = 13/100
............................||..|
       17661
Lens Group = 14/100
.|.....|.|............|.|.|.||.|.|.||.....|
       15971
Lens Group = 15/100
....|.........|...||....|.|.|..|......|
       15814
Lens Group = 16/100
...........|....||...|............|
       18659
Lens Group = 17/100
.|.|....|.........|.|...|.......|....|
       21969
Lens Group = 18/100
...|...|........................|
       20061
Lens Group = 19/100
.............|.|............||....|
       17897
Lens Group = 20/100
..........|.|..|..|...||............|
       16783
Lens Group = 21/100
.|.|................||.....|.|.|.....|
       19005
Lens Group = 22/100
.|........|.||......|.|..|...|...|.|....|
       19973
Lens Group = 23/100
....|..|||.....|.||..........||.|||..||.|..||.|.|
       23367
Lens Group = 24/100
.............|.............|....||
       22629
Lens Group = 25/100
.||..|.....|....|.|.|.|.|..|.|.||.|.....|.|...|
       21037
Lens Group = 26/100
....|.....|.....|..|...|.|...|.....|..|
       19728
Lens Group = 27/100
..|..|..|.|..|...|.....|..|.....|||......||
       20239
Lens Group = 28/100
.|........|....|.......|..||..|..|...|.|
       21615
Lens Group = 29/100
.......|.||..|..|....|...|||..|....|.|...|.|
       20773
Lens Group = 30/100
.......||..|........|..|...|.....||..||.|
       18518
Lens Group = 31/100
...|...|...........|.|.||...........||
       16062
Lens Group = 32/100
..|.|...............|.|.|.|.||...|...|..||
       17515
Lens Group = 33/100
.|..........|...|..|.|............|.|
       19931
Lens Group = 34/100
..............|..|.||..|......|.|....|
       20382
Lens Group = 35/100
..||.|.|.||..|......|........||.....||.|...||
       22784
Lens Group = 36/100
..|.|.|.|||..|...|..|......|............||
       17732
Lens Group = 37/100
....|........|.|.||.........||.|......|
       19368
Lens Group = 38/100
.|..|..||.|.|......|..||.....|..|........|
       18390
Lens Group = 39/100
.....|||.|..|....|..|.|.|....||.|...|..|..|..||
       19724
Lens Group = 40/100
..........|..||......|.|.||.||.|....|.|||...||
       21345
Lens Group = 41/100
..||.|........|.......|......|.|||.|....|
       19877
Lens Group = 42/100
.|.|..|......|.|.|.||.....|......|....|||.|.||
       21671
Lens Group = 43/100
.|...|.|.....|.||.|.|..|.......|.||.|......|||
       22239
Lens Group = 44/100
....|..........||......|.|...||.|||.....|
       22474
Lens Group = 45/100
.|.||.|..|..|..|.|..|..|...|.|.|......|.....|
       20926
Lens Group = 46/100
.|.|....|.|.|.|.||.||.|....|...........|...||
       19260
Lens Group = 47/100
..|............|.|......|..|..|....|.|
       20174
Lens Group = 48/100
...|...|.|.........|........|||......|
       20085
Lens Group = 49/100
.....................||....|..|...|
       20082
Lens Group = 50/100
.............|.|...|..|.......|..|.||.||
       19906
Lens Group = 51/100
.||.......||.|.|......||.|..|..|.|...|.....|||
       17592
Lens Group = 52/100
.|..|.|.|.|.|........|.|.||..||...........||
       19262
Lens Group = 53/100
.|....|..|........|.........|.....|.|
       20776
Lens Group = 54/100
.|....|..|...............||.|.|.|..|.|..||
       19648
Lens Group = 55/100
.....|...|.....|.||.|...............|
       20605
Lens Group = 56/100
....|.|..|..|........|.|...|..|..|.|.|.||..|
       22257
Lens Group = 57/100
............|....|.|.|..........||.|.|
       20133
Lens Group = 58/100
..|..|................|..||........|
       20475
Lens Group = 59/100
.|..|....|....|.|.|.......|..|........|
       21700
Lens Group = 60/100
.|........|.....||.......|......|...|
       20139
Lens Group = 61/100
..|..|........|....|.|.|..|.|.|..|..|.|.|..||
       19981
Lens Group = 62/100
....||....|.||..|...|.|.|..|....||........|
       18777
Lens Group = 63/100
.......|.||...|............|...|....|
       22531
Lens Group = 64/100
.|..|.||...|.|...|....|.|..|........||..|..||
       20961
Lens Group = 65/100
......|...........||..|...|..||....|..|
       21772
Lens Group = 66/100
...||..||.............|...........|.||
       24066
Lens Group = 67/100
..|.....|...|...|.||.......||.|.......|.|
       25695
Lens Group = 68/100
.|.....|..|....|...|.....|.|.........||
       23090
Lens Group = 69/100
.|..................|..|.|...|..||..|.||
       20118
Lens Group = 70/100
...............|..............|.|
       16171
Lens Group = 71/100
...|...|.|.|..|....|.|.|....|..|........||
       19267
Lens Group = 72/100
....|.....|.|.|...|....|.....|..|..||.|.|.|
       22205
Lens Group = 73/100
..|....|.|.||..|.......|.|....|......|..||
       20693
Lens Group = 74/100
...|.|.|.....|..|.|.|.....|.|..|...|.....|
       21861
Lens Group = 75/100
....|...|............||...||..|....|..|
       21964
Lens Group = 76/100
...|...............|............|
       19762
Lens Group = 77/100
............|..|.|.....|..........|
       19852
Lens Group = 78/100
...............|.||..||.......|.....||
       22290
Lens Group = 79/100
........|.|.....|....|............|
       22934
Lens Group = 80/100
.|......|..||.|........|...||..|.|..||...|.||
       21756
Lens Group = 81/100
..|....|...............|.....|.|...|
       22709
Lens Group = 82/100
.|.....|.||...|...||........|......||..|.|
       22131
Lens Group = 83/100
.|..........|.|.|...|...........|..|.|
       22318
Lens Group = 84/100
....|..|........|.|......|..|..|.|....|
       21191
Lens Group = 85/100
.||..|.....|...|...|||..|...|.....|..|..|.|.||
       21528
Lens Group = 86/100
.|.||..|.||.....||..........|..|........|
       21404
Lens Group = 87/100
.......|.|.|..|.............|......|
       20103
Lens Group = 88/100
..........|.|..|....|...|...|..|.|.|..|.|||
       20152
Lens Group = 89/100
.|.|.|..|...|..|.|.||..|...||...|......|....|
       21728
Lens Group = 90/100
............|.|.||...........|.|||....|
       23388
Lens Group = 91/100
.......|..........|.....||.||.......||
       23864
Lens Group = 92/100
....|...||.||.|.....................|
       20939
Lens Group = 93/100
.......|..|.............|....|....|
       16281
Lens Group = 94/100
...........|.|..|...||...........||.|.|||
       18753
Lens Group = 95/100
.|..|......|.|||.....|........|.|.|..|.||.|.||
       19715
Lens Group = 96/100
.......|.|..|...|.......|..|...||.....|
       20514
Lens Group = 97/100
.......|.|.....|.|...|..|..........|.|
       19560
Lens Group = 98/100
.......|..........|........|.....|
       15223
Lens Group = 99/100
..|............|......|..|....|.|...||
       0
Two-

Finally used 28713/30000 Lenses
% Compiled module: STR_SEP.
% Compiled module: EP.
% Compiled module: ENDPLOT.
% ENDPLOT: Closing current plot file /sdss4/data1/esheldon/GAL_GAL/DENSITY/dens
  e_752_756_r_N1.ps
% Compiled module: PTIME.
Time: 51 min 21.6 sec

Using 16 bins between 10.0000 and 600.000 arcseconds

Will Do 30000 random points


PS file: /sdss4/data1/esheldon/GAL_GAL/DENSITY/low_752_756_r_N1.ps
Dat file: /sdss4/data1/esheldon/GAL_GAL/DENSITY/low_752_756_r_N1.dat
Sum file: /sdss4/data1/esheldon/GAL_GAL/DENSITY/low_752_756_r_sum_N1.dat

MRDFITS: Binary table.  6 columns by  1475064 rows.

LASTRA =        236.42319
FIRSTRA =        145.14295
Finally FLAG =        0
Using 16141/16141 lenses

       23675
Lens Group = 1/54
.||||.|||||..|.......|.|......|....|.....|.|..||
       28283
Lens Group = 2/54
.|.......|...||.|.|.|...||.....|..||......|||
       31067
Lens Group = 3/54
.|...............|...||...|...|..||.|..||
       30292
Lens Group = 4/54
....|...|....|...|.....|...|....|....|
       34026
Lens Group = 5/54
.|||.|......|.|.|..|....||..|..|..........||
       32242
Lens Group = 6/54
.....|..|......|.....|...|....|.....|
       31072
Lens Group = 7/54
.|.|.....|......||...............|..|
       26653
Lens Group = 8/54
....||..|..|.....||.|....|....|.|.|..|....|
       29247
Lens Group = 9/54
.....|.....||........|....|..|......|||
       34678
Lens Group = 10/54
.............||.|.|....|...........||
       29305
Lens Group = 11/54
.....|.|...||.|..||.|...|...|.|....|.|...|..|
       31543
Lens Group = 12/54
......|.|...|.|.|..||................|
       34393
Lens Group = 13/54
...||...........................||
       35737
Lens Group = 14/54
.||.......|.|........|..|.|..||.....|.|..|
       31876
Lens Group = 15/54
.|..|..|.|....|...|.....|...|.|..|.|..|..|.|
       32682
Lens Group = 16/54
...||..|....|.|.|....|.|..|...|...|...|.|..|
       29223
Lens Group = 17/54
.|.|..|.|.|..|.|.|.|.||...........|......||.|||
       28918
Lens Group = 18/54
.|.||...|......|.|..|.......|.|.|.|..|....||
       33559
Lens Group = 19/54
..|...|.|.|.||..|....|.......|....|.||..||.|.||
       32896
Lens Group = 20/54
..........|........||......|..||...|.|
       33131
Lens Group = 21/54
..............|......|||....|......||
       28707
Lens Group = 22/54
.....|||.||.||.|...|....|....|...........||
       32068
Lens Group = 23/54
.|.......||.|......|.|..|....|..|..|.|...|
       35360
Lens Group = 24/54
.|.|.|...|...|.|......|.|..|.|...|.|....|..||
       34732
Lens Group = 25/54
..|...........||..||.|.|.|.....|.|......|
       29602
Lens Group = 26/54
........|.|........|.....|...|.|....|
       32179
Lens Group = 27/54
......|....||.|..|.|.|............|.|..|||
       32884
Lens Group = 28/54
..||...||.|.....|.|.|.|.|...||..||......|.|...|
       32025
Lens Group = 29/54
...|......|.|....|..|...|.....||......||
       34642
Lens Group = 30/54
..||...|....|...|...............|..|.||
       31394
Lens Group = 31/54
.|.|.|......|.....|.|..|.|.||.|..|.|..|..|..|.|
       34822
Lens Group = 32/54
......|..|..|....||.|..||..|.|..........|
       35830
Lens Group = 33/54
..|.......|||......|.||....|..|.||....||..||.|
       30808
Lens Group = 34/54
.............|.|..|.........|..||...|
       34773
Lens Group = 35/54
.|..........|..|....|.|..........||.|.|
       36743
Lens Group = 36/54
...|.......|..|....||....|.......|..|.|
       40217
Lens Group = 37/54
...|.|..|......|...........||.||....|..||
       31291
Lens Group = 38/54
...|.|....|.|...|....|.........||.|....|||
       32086
Lens Group = 39/54
...||..|...|.|...|.....|.|.|.|.|.|.....||...||
       31137
Lens Group = 40/54
...............|....||.|......|....|
       38463
Lens Group = 41/54
..|........||...|.|........|.|..|.....|
       33045
Lens Group = 42/54
...|..|.........|........||......|..|
       39240
Lens Group = 43/54
......|......|.......|.|.|.......|.|.|
       37939
Lens Group = 44/54
.|..............|...|........|....||
       36741
Lens Group = 45/54
.|..|..|.....|.|..|....||............||.|
       31199
Lens Group = 46/54
....||.|...|..|.|.|.||.||..|.|.....|.....||...|
       34078
Lens Group = 47/54
.|..||.|.....|......||...|.|.......|...|.|
       32186
Lens Group = 48/54
.|.|.|.|.......|......|.|.|.|..|.||.......|
       39530
Lens Group = 49/54
.......|..|.|...|.||...|.|..........|.||.||
       33892
Lens Group = 50/54
...........|.......|.||....|......|.|
       27617
Lens Group = 51/54
..........|.|.......||.||....|.|....||..|
       32510
Lens Group = 52/54
...|.||.|.|.....|...||.||..|..|.......|..||..|
       30421
Lens Group = 53/54
..|..|.........|.||..|.|...|.......||...|
       0
Two-

Finally used 15300/16141 Lenses
% LOADCT: Loading table inv_bw
% BEGPLOT: Plotting directed to file /sdss4/data1/esheldon/GAL_GAL/DENSITY/low_
  752_756_r_N1.ps
Using random RA and DEC points
       15620
Lens Group = 1/100
.||.|||||.||.|||..|..|...|.||...|...|.......||.|.|.|..|
       16409
Lens Group = 2/100
..|......|........|.......|...||.||...|
       16758
Lens Group = 3/100
...|...|...........|.|........|.|...||
       19082
Lens Group = 4/100
....|....||..|........|.......|...|..||
       15705
Lens Group = 5/100
.|..............|.....|...|.......|
       17873
Lens Group = 6/100
..|..|......|.....|.|.||.|..|..|.....|...||
       17575
Lens Group = 7/100
..............|...|.....|........|||
       16263
Lens Group = 8/100
.|...|.|..|.....|..|.|.|..|...||.|.|...||....|
       21731
Lens Group = 9/100
..|.|......|.|......|.....|....||...|..|
       19067
Lens Group = 10/100
.......|...|.........|..........|.|||
       19014
Lens Group = 11/100
.||................|.........|.|...||
       19017
Lens Group = 12/100
.|...|..............|.|...|.|.|......|
       18199
Lens Group = 13/100
.|...|.|......||.|...............|...|||
       18200
Lens Group = 14/100
....|........|.......|....|.|......||
       14614
Lens Group = 15/100
...|........|...........|.||.......|
       16374
Lens Group = 16/100
..|.|............|............|...|
       19461
Lens Group = 17/100
.|....|.........||.|.....|......|..|..|
       22643
Lens Group = 18/100
.|.....|..|......|................||
       22057
Lens Group = 19/100
..|.|.||.....||...|...|.|.|...|......|...||.|
       17823
Lens Group = 20/100
...............|..|.......|.....|.||
       18700
Lens Group = 21/100
......|.|.....||.||....|.|........|....|
       19326
Lens Group = 22/100
..|........|...|.....|............|
       21706
Lens Group = 23/100
.................|..||.||...|.......|
       22540
Lens Group = 24/100
........|...............|.|..|...|.||
       22491
Lens Group = 25/100
..............||...|.|.||.|....|..|....|
       20170
Lens Group = 26/100
...............|.||.||...|......|..|..|
       19453
Lens Group = 27/100
..|||...|.........|..|.|.............|
       22101
Lens Group = 28/100
.|.........|...|.....|.........|...|
       20328
Lens Group = 29/100
....||.....|.....|....|........|.|...|
       20525
Lens Group = 30/100
............|...|.|...||.|.|......||..|.|
       18949
Lens Group = 31/100
..|||.....||.|.|||.||.|.|.|....|..|.......|.||...|
       16327
Lens Group = 32/100
...|.|....|....|....|.|.|..||.||.||...|...|..|
       16757
Lens Group = 33/100
.|......||...|.||.|....|........|.....|.|
       20324
Lens Group = 34/100
..............|..|....|...|.......|
       20235
Lens Group = 35/100
...|..........|.....|..|.|..|...||.|..|.|
       21426
Lens Group = 36/100
..|..|....|..|.|.||.....|..|.|.......|.||.|.||
       19894
Lens Group = 37/100
.|.|.................|.......||.||..|.|
       20175
Lens Group = 38/100
.....|.......|.....|.|............|
       19726
Lens Group = 39/100
...|.....|.......|.|...|.||.|.........|
       19365
Lens Group = 40/100
..|.|.....|...|..||..|.|..||..|.||.||..|......|
       21335
Lens Group = 41/100
....|....||....|.....|..|.|.|.|...|.....|
       23463
Lens Group = 42/100
..||...................|.|..|.....|.||
       22303
Lens Group = 43/100
.|..|...|.|.|.|.|........|....||........||
       22034
Lens Group = 44/100
..|.......|.|||.......|||.||.|.|.|...|......|
       21373
Lens Group = 45/100
.........|............|....|..|...|
       19613
Lens Group = 46/100
...|.|.|...|......................||
       18704
Lens Group = 47/100
...||.....||...|...|................|
       21679
Lens Group = 48/100
......|.....|||.......|.|||....|.....|..||
       19942
Lens Group = 49/100
...........|....|||.|.|.......|.|..|...|
       19866
Lens Group = 50/100
..|.|......|.....||.||...|......|.|...|..|
       18841
Lens Group = 51/100
...|.|.|...|.........|..|...||.....|...|
       18248
Lens Group = 52/100
...|....|.........|....|.|.........|
       19242
Lens Group = 53/100
..........|..|......|.|.||.||.|.|||.|......|
       19345
Lens Group = 54/100
.......|...|...|.|...........|.||.||..|.|
       19423
Lens Group = 55/100
.................|.............|
       20062
Lens Group = 56/100
..|...........||...|..||..|.|..|...|....|
       21085
Lens Group = 57/100
..|.|....|....|....|...|............|
       20677
Lens Group = 58/100
......|.........||.||.....|.|...|.....|
       22654
Lens Group = 59/100
......|.|.|......|.||.|............|..|
       22944
Lens Group = 60/100
..|.|..............|....|.....|...||.|
       19129
Lens Group = 61/100
..|........|...|.....|....||..||.|.....||
       19328
Lens Group = 62/100
.........||............|..|.|......|
       19602
Lens Group = 63/100
....|.|.....|........|.|.|||.|..|.......|
       21492
Lens Group = 64/100
....|.|.......||....||..||.|..||.......|.|.|
       21033
Lens Group = 65/100
.....|..|.|...|..|.|.|.|...|...|..|....|..|
       24904
Lens Group = 66/100
..|.....||....|...|.|...|.|..||...|....|..||
       24545
Lens Group = 67/100
.....|..|.............||..|.||...|.|...|
       26045
Lens Group = 68/100
.||.....|.......|...|.|........|.....|
       21818
Lens Group = 69/100
......|.|...|.|...||.|........|.......|
       17403
Lens Group = 70/100
...............|.......|.|.|.|..|..||.||
       18226
Lens Group = 71/100
..|..........|......||......||.|...|..|||
       21079
Lens Group = 72/100
.....|...|..||.|..|...|.......|..|..|...|
       19971
Lens Group = 73/100
....|.|....|.|...|.....|.....|...|.|...|
       19891
Lens Group = 74/100
.|.|...|....|...|............|...|.|..|
       21481
Lens Group = 75/100
.|..|..............||...|.|....|.....|
       23188
Lens Group = 76/100
........|..|....................|
       20666
Lens Group = 77/100
.....|....|.|.................|...|
       20285
Lens Group = 78/100
....||..|.|.........|.........|..|...|
       22590
Lens Group = 79/100
.||.....................||..|.....|.|
       19755
Lens Group = 80/100
......|.|.|...|..|..........|.|......|
       22369
Lens Group = 81/100
................|..........|....||
       20736
Lens Group = 82/100
............|......|....|.......|.|
       20649
Lens Group = 83/100
...|....|...............|.....||..|.|
       21410
Lens Group = 84/100
....|..|........|.||...|...|.|........|
       19651
Lens Group = 85/100
.||...|...|.|.||...||.|.|.|.||....|.|.....|.|...|
       21357
Lens Group = 86/100
....||.||......|.|.|........||.||...|..|...|
       24157
Lens Group = 87/100
...|..|..|......|...|...|.....|......|
       20379
Lens Group = 88/100
.|.|.|.|..|..|..|....|..|.|.......||.|..|.|..|||
       19483
Lens Group = 89/100
..|.|......|.......|.|......|..|.....|
       21089
Lens Group = 90/100
...|......||...|.|...|........||.|.....|
       23315
Lens Group = 91/100
..||..|.|..||..|...|.|........|.......||.|.|
       24010
Lens Group = 92/100
.|.|....|.......................|.|
       19948
Lens Group = 93/100
.|..........|...................|
       16440
Lens Group = 94/100
.....|.|......|.............||.|..|..||
       17561
Lens Group = 95/100
...||.......|...|.|...|......|......|.|
       18422
Lens Group = 96/100
..|.|............||.|.|.|....||.|..||.|.|.|..|
       20482
Lens Group = 97/100
...........|........|.||.|.||........|
       20078
Lens Group = 98/100
...|.|.|..........|.||.|.......|.|....|.|
       18311
Lens Group = 99/100
........|..|.|.........|..|..|..|.|...|
       0
Two-

Finally used 28756/30000 Lenses
% ENDPLOT: Closing current plot file /sdss4/data1/esheldon/GAL_GAL/DENSITY/low_
  752_756_r_N1.ps
Time: 29 min 18.1 sec
IDL Version 5.2 (OSF alpha). Research Systems, Inc.
Installation number: 94432-36.
Licensed for use by: Campus License

For basic information, enter "IDLInfo" at the IDL> prompt.

start up ...
% Compiled module: ASTROLIB.
% ASTROLIB: Astronomy Library system variables have been added
% Compiled module: MRDFITS.
% Compiled module: FXPOSIT.
% Compiled module: MRD_HREAD.
% Compiled module: FXPAR.
% Compiled module: GETTOK.
% Compiled module: VALID_NUM.
% Compiled module: MRD_SKIP.
% Compiled module: MRD_STRUCT.
MRDFITS: Binary table.  9 columns by  31534 rows.
% Compiled module: IS_IEEE_BIG.
% Compiled module: IEEE_TO_HOST.
% Compiled module: VORONOI_SHEAR.
Calculating the Voronoi density for each foreground galaxy
% Compiled module: VORONOI_DENSITY.
% Compiled module: VORONOI.
% Compiled module: CIR_3PNT.
% Compiled module: POLY_AREA.
% Compiled module: OBJSHEAR_FIX.
% Compiled module: NTOSTR.

Using 16 bins between 10.0000 and 600.000 arcseconds

Will Do 30000 random points

% Compiled module: EXIST.

PS file: /sdss4/data1/esheldon/GAL_GAL/DENSITY/dense_752_756_i_N1.ps
Dat file: /sdss4/data1/esheldon/GAL_GAL/DENSITY/dense_752_756_i_N1.dat
Sum file: /sdss4/data1/esheldon/GAL_GAL/DENSITY/dense_752_756_i_sum_N1.dat

MRDFITS: Binary table.  6 columns by  1257316 rows.
% Compiled module: SXPAR.

LASTRA =        236.42319
FIRSTRA =        145.14295
Finally FLAG =        0
Using 15766/15766 lenses

% Compiled module: BINARY_SEARCH.
       24934
Lens Group = 1/53
.|||||......................|....|...|
       26352
Lens Group = 2/53
.|......|.....|.....|.||........|.|...||
       15229
Lens Group = 3/53
....|...................|.......|
       17324
Lens Group = 4/53
..|..|....|...|...................|
       17242
Lens Group = 5/53
.|....|......|..|.||........|........|
       20440
Lens Group = 6/53
..........|.|.||.||.|.|.......|.|.|...|..|.|
       14687
Lens Group = 7/53
......|...................|.....|
       22073
Lens Group = 8/53
..............................|
       28118
Lens Group = 9/53
..|.||...|......|....||.||.............|
       30840
Lens Group = 10/53
.............|.........|.||.......|
       18854
Lens Group = 11/53
.|||||.......|.|.|..|......|.|......|.|...|.|
       22841
Lens Group = 12/53
......|.||.................|.||....||.||
       41533
Lens Group = 13/53
.............|.....|...||.........|
       37013
Lens Group = 14/53
..............................|
       23919
Lens Group = 15/53
.............|||.|.|.....|.||...|......||
       24266
Lens Group = 16/53
....|................|.|.........|
       16403
Lens Group = 17/53
....................|.......|.|.|.|
       28035
Lens Group = 18/53
.||...||..||........|....|............|
       38565
Lens Group = 19/53
..........|||.||..|...|.|........|.|.||...||
       40009
Lens Group = 20/53
....|..|.....||..||.................|
       26940
Lens Group = 21/53
...........|..|..............|||...|
       15681
Lens Group = 22/53
......|......||.|.....|...........|.|
       22857
Lens Group = 23/53
..|.|..|..|...|.|....|||............|...|
       39510
Lens Group = 24/53
.|...|.|...|.|..|...........|.|...||..||.|||.|
       29748
Lens Group = 25/53
...||......||....||......|.....|....|..|
       51897
Lens Group = 26/53
.|..||........||.........|||.|........|.|
       31512
Lens Group = 27/53
.............|.|.|.|......|||.||||.|||.|..||.|.|.||
       17550
Lens Group = 28/53
.|.......|.............||..|..|.....|
       48785
Lens Group = 29/53
...............|...|.......|.||...|.|
       39186
Lens Group = 30/53
...........|.|........|..|........|
       24498
Lens Group = 31/53
.....||.|..|.|.|.|.......|...|.|||.|||.|.|.....|
       20582
Lens Group = 32/53
..........|||..|.|..|.....|..||.....|..|.||
       20550
Lens Group = 33/53
...||..||..||||.|.|||.|.|...||.|.....|.||.........|
       20066
Lens Group = 34/53
...............||.||.||.|.|||.|..........|
       47641
Lens Group = 35/53
......|.|.....||.|..|..|.....|||.|.......|
       36447
Lens Group = 36/53
.|||..|...|.......|......|......|.....|
       58668
Lens Group = 37/53
...|...|||||....|.............|..|...||.||||.||
       36493
Lens Group = 38/53
.|...............|.||.|..|..........|
       16781
Lens Group = 39/53
.......|...||.|.....|..............|
       22550
Lens Group = 40/53
.....|..............||..........||||.|
       24631
Lens Group = 41/53
.........................|.....|
       26309
Lens Group = 42/53
..............................|
       26124
Lens Group = 43/53
........................|......|
       34171
Lens Group = 44/53
....||...........|.......|........|
       71977
Lens Group = 45/53
...||||.||..|.|||.|..|..............|....||..|
       32788
Lens Group = 46/53
......||.|.|.............||.|.||||.......|
       19155
Lens Group = 47/53
................|..............||
       17113
Lens Group = 48/53
.|.....................||..||......|
       25746
Lens Group = 49/53
.....||.......|.|||.|......|.|.|........|
       23883
Lens Group = 50/53
.||...|.|.....|.|.|..................|
       14749
Lens Group = 51/53
................|.||...|...|||.|.||.||.|..|.|
       24280
Lens Group = 52/53
.........|....................|.|
       0
Two-
% Compiled module: REMOVE.

Finally used 15144/15766 Lenses
% Compiled module: MAKEPS.
% Compiled module: BEGPLOT.
% Compiled module: LOADCT.
% LOADCT: Loading table inv_bw
% BEGPLOT: Plotting directed to file /sdss4/data1/esheldon/GAL_GAL/DENSITY/dens
  e_752_756_i_N1.ps
% Compiled module: COLPRINT.
% Compiled module: PRANGE.
% Compiled module: PLOTERR.
Using random RA and DEC points
% Compiled module: ARRSCL.
       13216
Lens Group = 1/100
.|||.|||||.|||||.............|.|.||............|
       14520
Lens Group = 2/100
.|...........|...||.........||.|.|...|.|
       14662
Lens Group = 3/100
.......||.|..||...|..|......||......|.|..||
       16780
Lens Group = 4/100
...||.|.|..|.........|...|.|.....|.|....|
       15324
Lens Group = 5/100
...|.|..|.......|.........|...||..|...|
       16205
Lens Group = 6/100
.|.|...|.||.......|........|....|..|..|.|
       14132
Lens Group = 7/100
...|......|.||......|.........|.|.|..|.|
       16254
Lens Group = 8/100
.|.|...|..|.|..|.|..|.|.|.|...|....|..|.|.|..|.|
       16732
Lens Group = 9/100
.|..|.||..||.....|..|...|..........|....||
       16879
Lens Group = 10/100
......||.....|...|..|.|.|..........||..|
       15540
Lens Group = 11/100
.||.......................|......||
       16801
Lens Group = 12/100
...||.|.............|..|......|.....||
       15490
Lens Group = 13/100
...|.....|...|.......|.|.........||..|
       15045
Lens Group = 14/100
.|....|.|.|............|.|.|||.||..|.||.....|
       13380
Lens Group = 15/100
..|.....|....|..|...||.|..|...|..||......|
       13512
Lens Group = 16/100
...........|...|.||..|.|...|.|........||
       16030
Lens Group = 17/100
.|.....|.|||.||.......|...........|...|.|
       18919
Lens Group = 18/100
..||....|.....|...........|....|.|...|
       17045
Lens Group = 19/100
..|.|..|....|....||.|..|.||.....|...|.||....|
       15130
Lens Group = 20/100
..|........|.|..|..|...||...|....|.....|
       13997
Lens Group = 21/100
..|.....|...||........||.....|.|.|...|..|
       16046
Lens Group = 22/100
.|........|.|......|.|.|.|...|...|.|.||.|..|
       17149
Lens Group = 23/100
......|||.....|.|..........|.|||..||.|..||..|
       19959
Lens Group = 24/100
.............||.......|.|.....|....||
       19383
Lens Group = 25/100
.||...........|.|.|.||.|....||.|.....|.|...|
       17957
Lens Group = 26/100
...|.|.....|.....|..|...|.|...|.....|..||
       16793
Lens Group = 27/100
..|..|..|.||....|......|..|.....|||......|
       17296
Lens Group = 28/100
.|........|....|.......|..|..|..|...|.|
       18420
Lens Group = 29/100
.......|.||..|..|....|...|||..||.....|....|
       17680
Lens Group = 30/100
.......||..|........|..|...|.......|.|
       15822
Lens Group = 31/100
...|...|..........|..|.||.|..|........|
       13652
Lens Group = 32/100
...|...........|.....|.|..|..|.|.|....|
       14880
Lens Group = 33/100
.|.......|...||...||..|.......||..|.||...|.|
       17016
Lens Group = 34/100
....|...|....|.....|.||..|.|..|...|.|....|
       17511
Lens Group = 35/100
..||.|.|.|..|......|.|...|....||...||..|||.|...||
       19631
Lens Group = 36/100
..||.|.|.|||..|....|.|..................||
       14963
Lens Group = 37/100
...|.|.|.|......|.|.||.....|..|..||.|......||
       16534
Lens Group = 38/100
.|..|..||.||.|||.|.|....|.......|..|....|....|
       15656
Lens Group = 39/100
.....||.|..|....|.|.|..|...|.|||.|.....|..|..||
       16663
Lens Group = 40/100
............||......|.|.||.||.||.|...|.|||...||
       18256
Lens Group = 41/100
..||...||......|.|..|.......|...|.|.|....|
       17202
Lens Group = 42/100
.|.|..||......|.|..||.....|..........|||.|.||
       18782
Lens Group = 43/100
.||...|.......||.|.|..|.......|.|.|.....|.||||||
       19404
Lens Group = 44/100
....|..........||..|.....|...||.|||...|..|
       19470
Lens Group = 45/100
.|.||.||.|.|..|.|.||.|..|..|...|.|.|.......|....|
       17935
Lens Group = 46/100
..|.|..|.||.|..|||.|.||.|....|.........|..|...||
       16297
Lens Group = 47/100
.|.|..|.................|.|.|..|.....|
       17352
Lens Group = 48/100
...|...|.||.................|||......|
       17015
Lens Group = 49/100
.....|..........|......||....|..|...|
       17271
Lens Group = 50/100
...........||..|.|...|.|.|....|..|.|..|.||.||
       16842
Lens Group = 51/100
.||.......||.|.|......||.|..|..|.||...|...|..|||
       14982
Lens Group = 52/100
.|..|.|.|..|.......|.|.|.||..||..........|.||
       16328
Lens Group = 53/100
.|||....|..|.................|.....|.|
       17608
Lens Group = 54/100
.|...|.|..|...........|..|..||.|.|.|.|.|.|..||
       16539
Lens Group = 55/100
.|....|........|.|||.|.|..............|
       17675
Lens Group = 56/100
.......|..........|.|...|..|...|.|...|
       18998
Lens Group = 57/100
...|..|.......|...|.|.|...|........||.|.|
       17180
Lens Group = 58/100
....|....|......|......|..||.....|...|
       17467
Lens Group = 59/100
.|.|.|....|..|..|.|.|.....|..|..||....|..|..|
       18469
Lens Group = 60/100
.|........|.....||....|..||.|..|...|..|..|
       17080
Lens Group = 61/100
..|..|..||..|....||....|.|.|..|.|.|....|.|.|..||
       17235
Lens Group = 62/100
........|.||...|..|.|.|.........|.....|
       16074
Lens Group = 63/100
.......|.|..||.|..|...|.|......|...|....|
       19297
Lens Group = 64/100
.|..|.||...|....|.|.||..|.|..|.|.......||..|..||
       17857
Lens Group = 65/100
......|...|.....|...||..|...|..||....|.|.|
       18932
Lens Group = 66/100
...||..||.............|....|....|...|||.||
       20903
Lens Group = 67/100
..|..|||.....|.|...|.||.......||.|.......|.|
       22176
Lens Group = 68/100
.|.|......||....||.|.......|.|.........||
       19800
Lens Group = 69/100
.|....................|.|...|..|...||
       17176
Lens Group = 70/100
........|..........|.....|......|.|
       13649
Lens Group = 71/100
......|.|.|..|.....|.....|..|..|.|.....||
       16520
Lens Group = 72/100
....|....|.|..|...|....|.....|..|..|.|.|.||
       19139
Lens Group = 73/100
..|...|.|.|.||..|......|.|.||....|...|...|..||
       17650
Lens Group = 74/100
.|..|.|.|.....|.|.|.|.|.....|.|..|.|....|...||
       18872
Lens Group = 75/100
.|...||...|............|...||..|.|...|..|
       19081
Lens Group = 76/100
...|......|.......|..|..|..........|
       17027
Lens Group = 77/100
............|..|.|....|...|..|......|
       17101
Lens Group = 78/100
............|...|.||..||.|..|....|.....||
       19715
Lens Group = 79/100
.........|.........|..........|..||
       20101
Lens Group = 80/100
.|...|...|..||.|......|.....|..|.|.|.|||...|.||
       18996
Lens Group = 81/100
..|....|...............|.....|....|
       19661
Lens Group = 82/100
.|.|.||...|.||.|..|...........|......||..|.||
       19023
Lens Group = 83/100
.|..|.........|.|...|.......|....|.|..|
       18965
Lens Group = 84/100
....|....|..||....|.||.||.|....|..|..|.|..|..|
       17859
Lens Group = 85/100
.||..|...|..|...|...|||..|..|.|.|..|.|.|||.||.|..||.|.||
       18319
Lens Group = 86/100
.||.|...||...............|..|.|.......|
       18121
Lens Group = 87/100
.......|.|.|..|.....|........|......|
       16784
Lens Group = 88/100
.......|...|...||....|.|.|.|..|.|..|.|.||..|.|||
       16745
Lens Group = 89/100
.|.|.|..|.....|.|.||..|.||.|.|.|..|..||......|.|.|
       18358
Lens Group = 90/100
..|.|.|........|.|.|...........|.|||..|..|
       19969
Lens Group = 91/100
..|...|..||.......|.|..|.....||.|||.......||
       20233
Lens Group = 92/100
......|||.||.||.|.........|..........|..|
       17488
Lens Group = 93/100
.....|..|..|..|.|..........|....|....|
       13461
Lens Group = 94/100
.|.|.|.|.....|..|.|..|..|.||...........||.||.|||
       15197
Lens Group = 95/100
.||..|..|....|.||...|.|.||.....||...||.||.||..|.|.|.||
       16366
Lens Group = 96/100
.......|||.||..||...||...|...|.|.||.|...||.....|
       17045
Lens Group = 97/100
.....|..|.|....|.||.|............|...|.|
       16051
Lens Group = 98/100
....|.||....|........|........|.....|
       12484
Lens Group = 99/100
.|.|............|......|..|....|.|...||
       0
Two-

Finally used 28484/30000 Lenses
% Compiled module: STR_SEP.
% Compiled module: EP.
% Compiled module: ENDPLOT.
% ENDPLOT: Closing current plot file /sdss4/data1/esheldon/GAL_GAL/DENSITY/dens
  e_752_756_i_N1.ps
% Compiled module: PTIME.
Time: 26 min 37.5 sec

Using 16 bins between 10.0000 and 600.000 arcseconds

Will Do 30000 random points


PS file: /sdss4/data1/esheldon/GAL_GAL/DENSITY/low_752_756_i_N1.ps
Dat file: /sdss4/data1/esheldon/GAL_GAL/DENSITY/low_752_756_i_N1.dat
Sum file: /sdss4/data1/esheldon/GAL_GAL/DENSITY/low_752_756_i_sum_N1.dat

MRDFITS: Binary table.  6 columns by  1257316 rows.

LASTRA =        236.42319
FIRSTRA =        145.14295
Finally FLAG =        0
Using 15768/15768 lenses

       21063
Lens Group = 1/53
.|||||||.|||.|.|.|.||.....|..|.|...||....|...|......||
       24952
Lens Group = 2/53
..|.|.|...|.|.|..||.|....||....|..|......|.|.|
       26508
Lens Group = 3/53
...................|.....|.||..||...|
       27210
Lens Group = 4/53
.|.......|.|||..||.|..|..|...|.|...|..|.|.|.||.|.||
       28745
Lens Group = 5/53
...|.|.|.|.|..|.|.|..|.|.|..|...|..|....||....|
       27808
Lens Group = 6/53
..|....|..|......|.||.|...........||.|..|
       26019
Lens Group = 7/53
..|......|..............|.||.|.....||.|
       22641
Lens Group = 8/53
.|..|.|.|..|.|.|....|...|.|.|.|.|..|.......|.|
       28248
Lens Group = 9/53
..|..|||.|.......|....|.|......|.|......|
       28534
Lens Group = 10/53
.....|.|.|.|...|.|...|........|..|..|.|..||
       24539
Lens Group = 11/53
..||.|..||....|...||...|...|..||.|........|.||
       28413
Lens Group = 12/53
...||.|..|.|....|.............|.|..|...|
       31404
Lens Group = 13/53
....|................|.|.|......|.|.|
       28926
Lens Group = 14/53
.......|..|.|..||....|..|..|..|.|..|....|.|
       29111
Lens Group = 15/53
.........|..||.|..|.||...|...||...|...|.|.|.||
       28247
Lens Group = 16/53
....|........|....|.|..|.|...|.|.|.|.|.|.|.|
       23963
Lens Group = 17/53
.|.|.........|.....||.||.|||..|..|......|..||
       26475
Lens Group = 18/53
..........||.|.|..|....||.|.|..|..||.||.|.|...|
       29559
Lens Group = 19/53
.|....|...|.|.....||.|.|.|..........|...|
       29421
Lens Group = 20/53
.|...|......|..|.||.|.|......|...|..|..|.|.||
       25727
Lens Group = 21/53
.|.....|||..|........|....||.|||.|||.||...|.|...||
       26995
Lens Group = 22/53
..|.|............|.....|...|.|......|||
       29538
Lens Group = 23/53
.....|.|..|...||...|.|.|.|...|.........|.|
       32718
Lens Group = 24/53
.|.|.|....|.|..|..|..|..|......|....||..|..||
       24782
Lens Group = 25/53
.||.....|.|........||......|.|.......|.|
       27670
Lens Group = 26/53
.....|.|..|.........|..|...|.||.|.|.|.|.||.|.|
       28432
Lens Group = 27/53
.|...|..|...|.|||..|..||..|.||.|..|...|..|.|.|..|.||
       27592
Lens Group = 28/53
..||.....|.|.|...|..||..|.|....|....|..|...||
       29124
Lens Group = 29/53
..|...||.....|.|.|.||.......|...|.......|
       29682
Lens Group = 30/53
........|..||.|........|.....|.|.|...|||.|||
       28373
Lens Group = 31/53
..|.|.|...|.|.|..|.....|..|..|....||..|.||...||
       32580
Lens Group = 32/53
.............|.....|.......|||.....||
       26622
Lens Group = 33/53
.|.|.|...|..|...........|.....|.||.|..|..|
       29150
Lens Group = 34/53
....|..||........|......|.|....|..|.|.|.|
       31945
Lens Group = 35/53
.....|.|.||.|..||........|......|....|.|.|
       35268
Lens Group = 36/53
....|..||....|.|..||..|....|......|.....|
       29175
Lens Group = 37/53
.|||.|............|.....|..|.|......|..|
       27726
Lens Group = 38/53
.|.|....||...|.|.|..||..|..|.|.....||.|.|.|.|...|
       27575
Lens Group = 39/53
..||..|...|.............|||....|.....|.|
       32676
Lens Group = 40/53
...|...|.|.......|...|........|..||...|
       28680
Lens Group = 41/53
........|.|........||....|....|||....|.|
       35650
Lens Group = 42/53
.|.|......|.|......|........|.......|||
       32129
Lens Group = 43/53
.|.|.|.|......|......|....|.......|.||..|
       33510
Lens Group = 44/53
...|||...|..|....|......||.|..........||.||
       27518
Lens Group = 45/53
....|.|....|.|.|.|.||.||...|...|.|.|..|..|.|...|
       29329
Lens Group = 46/53
.|.|.||....|.|......||...|.||.....|..|.|.|..|.||
       28035
Lens Group = 47/53
.||.||.....|||.........|...|.||..|.|.......|
       34567
Lens Group = 48/53
........|..|||.|...||........|..|.||.....|
       28401
Lens Group = 49/53
.|............|.||.|.....|.|...|..|....||
       22903
Lens Group = 50/53
....|.|.......||||.....||..|..||....||..||.||..||
       29525
Lens Group = 51/53
....|...||.||.||..|..|......|..||...|.|.|..|..|
       23347
Lens Group = 52/53
.......||.|.|...|...|.........||..|....|
       0
Two-

Finally used 14897/15768 Lenses
% LOADCT: Loading table inv_bw
% BEGPLOT: Plotting directed to file /sdss4/data1/esheldon/GAL_GAL/DENSITY/low_
  752_756_i_N1.ps
Using random RA and DEC points
       13280
Lens Group = 1/100
.||.||||.||.||||.|.|..|...|.||......|.....|..||.||.|.|..|
       13937
Lens Group = 2/100
..|||......|.|...|....|....|..|.|.|...|...||
       14166
Lens Group = 3/100
......||.....|.|.....|.|...|.....||.|..|.||
       15997
Lens Group = 4/100
....|.|...||||.|......|.||..|.......|..||.|..||
       13238
Lens Group = 5/100
.|.............|.............||...|
       15256
Lens Group = 6/100
..|..|...|...|.|....|.|.||.|..|..|.....|...|
       14964
Lens Group = 7/100
...|.|......|...|..|..|.||...||.|........|||
       13931
Lens Group = 8/100
.|...|...|.....|..||.||.||..|...|||.||.|.|..|...|.|
       18579
Lens Group = 9/100
...|......|.|...||.|.....||..|....||...|..|
       16519
Lens Group = 10/100
.|..........|.|.......|..........|.|||
       16387
Lens Group = 11/100
.|....|............|.........|.|...|
       16192
Lens Group = 12/100
.|........|.....|.|.|.|..|...||.|.|.||.....|
       15523
Lens Group = 13/100
.|....||...|.|..||.|.|.|...|....|......|...||
       15541
Lens Group = 14/100
....|...|....|....|....|....|.......||
       12432
Lens Group = 15/100
.|..|........|......|.....|.|.|......||
       13695
Lens Group = 16/100
..|.|............|...........|.||...|
       16577
Lens Group = 17/100
.|.|...|.........|......|......|....|
       19431
Lens Group = 18/100
.|.....|..||......|................||
       18786
Lens Group = 19/100
..|.|.||....|.||...|...|.|.|...||......|...||.|
       15086
Lens Group = 20/100
..|....|...........|.......||.....|.||
       15678
Lens Group = 21/100
......|.|......||....|.||.|.........|||..|
       16306
Lens Group = 22/100
..|......|..|......|..|.......|.....|
       18579
Lens Group = 23/100
.................|..|||.||...|....|...|
       19209
Lens Group = 24/100
........|.........|..|....|.|..|..|.|.||
       19272
Lens Group = 25/100
.......|.......||...|.|.||.|....|.....|.|
       17186
Lens Group = 26/100
.............|..|.|.||...|...|...|..|..|
       16579
Lens Group = 27/100
..|||...|.|.|......|.||...|.............|
       18895
Lens Group = 28/100
.............|..|..|.||..|.|.|.....|...|
       17351
Lens Group = 29/100
.|.|..||.....|.........|......|..|||.|...|
       17484
Lens Group = 30/100
.....|.......|...|.|..|..|.|.|..|...|..|.|
       16222
Lens Group = 31/100
.|.|||..|...|.|.|||.||.|.|.|....|.|.|.|..........|
       13837
Lens Group = 32/100
...|.|....|....|..|..|.|.|..|||.|.|...||.....|
       14264
Lens Group = 33/100
.|......|...|.|.....|...|....|.||.....|.|
       17374
Lens Group = 34/100
..|.|........|...|||..|....||.||.........|
       17341
Lens Group = 35/100
...|.|.........|.....|..|.|...|..||.|..|.|
       18449
Lens Group = 36/100
..|..|..||..|..||.|.||.|....|...|........|.|.||
       16831
Lens Group = 37/100
.|.|.........|........|.......|.||...|
       17276
Lens Group = 38/100
....|.||..|....|...|...|.|............|
       16802
Lens Group = 39/100
...|.....|.......|.|...|.|.|....|.....|
       16446
Lens Group = 40/100
..||.|..|...|...|..|||..|.|..||..|.||.|||..|.....|.|
       18358
Lens Group = 41/100
.|...|....||.|..|.|.....|..|.|.|....|.....||
       20285
Lens Group = 42/100
..||.........|.....|.....|.|..|.....|.||
       19434
Lens Group = 43/100
.|..|....|..|.|...|..|...|............|
       19210
Lens Group = 44/100
..|.......||.||..|.....|||.||.|.||.||...|.....|.|
       18497
Lens Group = 45/100
...|......|..........|.|.|....|..|...|
       16702
Lens Group = 46/100
...|..|...||..........|..||..........||
       15809
Lens Group = 47/100
...||.....||...||..|.|................|
       18452
Lens Group = 48/100
......|.....|||.......|.|||...........|||
       16943
Lens Group = 49/100
...........|..|..|||.|.|..|.....|.|..|..|.|
       16957
Lens Group = 50/100
.|.|.|..|.|.|..||.....||.||..|.||...|...||.|...|..|
       15892
Lens Group = 51/100
...|.|.||...|...|....|..|..|...||..|...|...|
       15419
Lens Group = 52/100
...|....||.........||....|.|.|........|
       16397
Lens Group = 53/100
............|...|.|..|.|.||.|.|.|||.|......|
       16290
Lens Group = 54/100
.......|...|...|.|.||.|.|......|..|..||..|.|
       16568
Lens Group = 55/100
....|.||..|.....|.........|.........||
       17109
Lens Group = 56/100
..||.........|..||...|..||.|.|.|..|.......|
       17904
Lens Group = 57/100
..|.|....|....|....|...|............|
       17650
Lens Group = 58/100
......|.|........||.|.....|.|.|..|.....|
       19380
Lens Group = 59/100
......|.|.|......|.||.|............|..|
       19455
Lens Group = 60/100
..|.|.|.......|.....|.....|.....|.||..||.|
       16454
Lens Group = 61/100
..|........|...|...|..|....|.|.||.|.....||
       16566
Lens Group = 62/100
.........|............|.........|
       16793
Lens Group = 63/100
.....|.....|........|.|.|||.||..|....|...||
       18386
Lens Group = 64/100
.|...|.|.......|....|..||.|..||.......|.|.|
       18061
Lens Group = 65/100
..|...|..|.|...|..|.|..|..|.|.....|....|..|
       21747
Lens Group = 66/100
..|.|.|..|.||....||...|.|...|.|.....|...|.|..|
       21256
Lens Group = 67/100
.....|.|.|.......|....|..||..|.||...|.|..|.|
       22390
Lens Group = 68/100
.||..|..|.|.......|..|.|.|..|...|...|.....|
       18791
Lens Group = 69/100
..........|.|.|.|.||.|......|..|.......|
       14832
Lens Group = 70/100
.........|......|......|...|.|....||.||||
       15517
Lens Group = 71/100
........|.|..||.|.||||.....|.....|.||.|||.|..|..|||
       18215
Lens Group = 72/100
.....|...||..||.|..|..|.|......|.|..|..|...|
       17137
Lens Group = 73/100
....|.|.|...|.|...||...||..||.....|...|....|
       17033
Lens Group = 74/100
.|.|...|....|...|............|.|..|.|..|
       18730
Lens Group = 75/100
.||..|....|..........||...||.||....|.....||
       20178
Lens Group = 76/100
........|.|.|....................|
       17734
Lens Group = 77/100
.....|....||.|.....|............|...|
       17740
Lens Group = 78/100
..|..||..|.|........|.||.........|.|.|...|
       19910
Lens Group = 79/100
.||.................|..|..||..|.....|.||
       17176
Lens Group = 80/100
.....|.|.|.|.....|.|...|......||.|......|
       19551
Lens Group = 81/100
...|.....|........|.......|...|....||
       18013
Lens Group = 82/100
.....|..|....|.||......|....|.....|..|.|
       17817
Lens Group = 83/100
...|................|...|.....||.|.|.|
       18143
Lens Group = 84/100
....|...|.|......|.||...|..|.||.|||......|.|.|
       16545
Lens Group = 85/100
...||.|...|.|.|||..|.|||.||..|.||....|.||..|..|..|...|
       18161
Lens Group = 86/100
...||.|||.||....|..|.|.|........||.||...|..|...|
       20448
Lens Group = 87/100
...|.|........|.|.|..|||.......|.......|
       16962
Lens Group = 88/100
..|.|.|..|.|.|.....|.||..|.|..||..|...||.||...|..|||
       16238
Lens Group = 89/100
..||.|......|.......|....|.|..|..|..|...|
       17830
Lens Group = 90/100
...|......||...|....|.....|...||.|..|...|
       19902
Lens Group = 91/100
.|.||..|.|..||..|....|.....|...|..|.....||.|.|
       20341
Lens Group = 92/100
.|.|...............|.......|.....|.|
       16639
Lens Group = 93/100
.|..........|........|..........|.|
       13591
Lens Group = 94/100
....|.|.||.|....|.|......|..|...|...||..|..||
       14225
Lens Group = 95/100
.|.|.||.|.....|.|.|..|.|...|......|.......|
       15242
Lens Group = 96/100
..|.|............||.|.|.|.||..|.|.|..||.|.|.|..|
       17020
Lens Group = 97/100
...........|..|..|..||..|||.|||.|.|........|
       16513
Lens Group = 98/100
...|..|..|.........||.|.|......|.|....|.|
       15007
Lens Group = 99/100
.....|...|..|....|......|..|....|.|..|.|
       0
Two-

Finally used 28504/30000 Lenses
% ENDPLOT: Closing current plot file /sdss4/data1/esheldon/GAL_GAL/DENSITY/low_
  752_756_i_N1.ps
Time: 25 min 22.8 sec
